[0714/100150.821:ERROR:process_memory_win.cc(73)] ReadMemory at 0x1aad4cd3680 of 72 bytes failed: Only part of a ReadProcessMemory or WriteProcessMemory request was completed. (0x12B)
[0714/100151.272:WARNING:pe_image_annotations_reader.cc(134)] could not read annotations list object in C:\Program Files (x86)\Google\Chrome\Application\83.0.4103.116\chrome_elf.dll
[0714/100151.272:ERROR:process_memory_win.cc(73)] ReadMemory at 0x7ffe0b4a0000 of 64 bytes failed: Only part of a ReadProcessMemory or WriteProcessMemory request was completed. (0x12B)
[0714/100151.272:WARNING:pe_image_reader.cc(340)] could not read dos header from C:\windows\SYSTEM32\VERSION.dll
[0714/100151.273:ERROR:process_memory_win.cc(73)] ReadMemory at 0x7ffe0d6f0000 of 64 bytes failed: Only part of a ReadProcessMemory or WriteProcessMemory request was completed. (0x12B)
[0714/100151.323:WARNING:pe_image_reader.cc(340)] could not read dos header from C:\windows\System32\msvcrt.dll
[0714/100151.327:ERROR:process_memory_win.cc(73)] ReadMemory at 0x7ffe0c510000 of 64 bytes failed: Only part of a ReadProcessMemory or WriteProcessMemory request was completed. (0x12B)
[0714/100151.328:WARNING:pe_image_reader.cc(340)] could not read dos header from C:\windows\System32\bcryptPrimitives.dll
[0714/100151.328:ERROR:process_memory_win.cc(73)] ReadMemory at 0x7ffe0ded0000 of 64 bytes failed: Only part of a ReadProcessMemory or WriteProcessMemory request was completed. (0x12B)
[0714/100151.328:WARNING:pe_image_reader.cc(340)] could not read dos header from C:\windows\System32\ADVAPI32.dll
[0714/100151.328:ERROR:process_memory_win.cc(73)] ReadMemory at 0x7ffe0e9b0000 of 64 bytes failed: Only part of a ReadProcessMemory or WriteProcessMemory request was completed. (0x12B)
[0714/100151.329:WARNING:pe_image_reader.cc(340)] could not read dos header from C:\windows\System32\sechost.dll
[0714/100151.330:ERROR:process_memory_win.cc(73)] ReadMemory at 0x7ffe0d930000 of 64 bytes failed: Only part of a ReadProcessMemory or WriteProcessMemory request was completed. (0x12B)
[0714/100151.330:WARNING:pe_image_reader.cc(340)] could not read dos header from C:\windows\System32\RPCRT4.dll
[0714/100151.330:ERROR:process_memory_win.cc(73)] ReadMemory at 0x7ffdb2e70000 of 64 bytes failed: Only part of a ReadProcessMemory or WriteProcessMemory request was completed. (0x12B)
[0714/100151.331:WARNING:pe_image_reader.cc(340)] could not read dos header from C:\Program Files (x86)\Google\Chrome\Application\83.0.4103.116\chrome.dll
[0714/100151.331:ERROR:process_memory_win.cc(73)] ReadMemory at 0x7ffe0e630000 of 64 bytes failed: Only part of a ReadProcessMemory or WriteProcessMemory request was completed. (0x12B)
[0714/100151.331:WARNING:pe_image_reader.cc(340)] could not read dos header from C:\windows\System32\WS2_32.dll
[0714/100151.331:ERROR:process_memory_win.cc(73)] ReadMemory at 0x7ffe0de00000 of 64 bytes failed: Only part of a ReadProcessMemory or WriteProcessMemory request was completed. (0x12B)
[0714/100151.332:WARNING:pe_image_reader.cc(340)] could not read dos header from C:\windows\System32\OLEAUT32.dll
[0714/100151.332:ERROR:process_memory_win.cc(73)] ReadMemory at 0x7ffe0c360000 of 64 bytes failed: Only part of a ReadProcessMemory or WriteProcessMemory request was completed. (0x12B)
[0714/100151.332:WARNING:pe_image_reader.cc(340)] could not read dos header from C:\windows\System32\msvcp_win.dll
[0714/100151.332:ERROR:process_memory_win.cc(73)] ReadMemory at 0x7ffe0cbc0000 of 64 bytes failed: Only part of a ReadProcessMemory or WriteProcessMemory request was completed. (0x12B)
[0714/100151.332:WARNING:pe_image_reader.cc(340)] could not read dos header from C:\windows\System32\ucrtbase.dll
[0714/100151.332:ERROR:process_memory_win.cc(73)] ReadMemory at 0x7ffe0e6a0000 of 64 bytes failed: Only part of a ReadProcessMemory or WriteProcessMemory request was completed. (0x12B)
[0714/100151.332:WARNING:pe_image_reader.cc(340)] could not read dos header from C:\windows\System32\combase.dll
[0714/100151.333:ERROR:process_memory_win.cc(73)] ReadMemory at 0x7ffe0c4b0000 of 64 bytes failed: Only part of a ReadProcessMemory or WriteProcessMemory request was completed. (0x12B)
[0714/100151.333:WARNING:pe_image_reader.cc(340)] could not read dos header from C:\windows\System32\WINTRUST.dll
[0714/100151.333:ERROR:process_memory_win.cc(73)] ReadMemory at 0x7ffe0c2d0000 of 64 bytes failed: Only part of a ReadProcessMemory or WriteProcessMemory request was completed. (0x12B)
[0714/100151.334:WARNING:pe_image_reader.cc(340)] could not read dos header from C:\windows\System32\MSASN1.dll
[0714/100151.334:ERROR:process_memory_win.cc(73)] ReadMemory at 0x7ffe0c9f0000 of 64 bytes failed: Only part of a ReadProcessMemory or WriteProcessMemory request was completed. (0x12B)
[0714/100151.335:WARNING:pe_image_reader.cc(340)] could not read dos header from C:\windows\System32\CRYPT32.dll
[0714/100151.335:ERROR:process_memory_win.cc(73)] ReadMemory at 0x7ffe0b8d0000 of 64 bytes failed: Only part of a ReadProcessMemory or WriteProcessMemory request was completed. (0x12B)
[0714/100151.335:WARNING:pe_image_reader.cc(340)] could not read dos header from C:\windows\SYSTEM32\IPHLPAPI.DLL
[0714/100151.335:ERROR:process_memory_win.cc(73)] ReadMemory at 0x7ffe09f20000 of 64 bytes failed: Only part of a ReadProcessMemory or WriteProcessMemory request was completed. (0x12B)
[0714/100151.335:WARNING:pe_image_reader.cc(340)] could not read dos header from C:\windows\SYSTEM32\WINMM.dll
[0714/100151.335:ERROR:process_memory_win.cc(73)] ReadMemory at 0x7ffe0b380000 of 64 bytes failed: Only part of a ReadProcessMemory or WriteProcessMemory request was completed. (0x12B)
[0714/100151.336:WARNING:pe_image_reader.cc(340)] could not read dos header from C:\windows\SYSTEM32\Secur32.dll
[0714/100151.336:ERROR:process_memory_win.cc(73)] ReadMemory at 0x7ffe0c1b0000 of 64 bytes failed: Only part of a ReadProcessMemory or WriteProcessMemory request was completed. (0x12B)
[0714/100151.336:WARNING:pe_image_reader.cc(340)] could not read dos header from C:\windows\SYSTEM32\USERENV.dll
[0714/100151.336:ERROR:process_memory_win.cc(73)] ReadMemory at 0x7ffe0c2f0000 of 64 bytes failed: Only part of a ReadProcessMemory or WriteProcessMemory request was completed. (0x12B)
[0714/100151.336:WARNING:pe_image_reader.cc(340)] could not read dos header from C:\windows\System32\profapi.dll
[0714/100151.336:ERROR:process_memory_win.cc(73)] ReadMemory at 0x7ffdf9390000 of 64 bytes failed: Only part of a ReadProcessMemory or WriteProcessMemory request was completed. (0x12B)
[0714/100151.336:WARNING:pe_image_reader.cc(340)] could not read dos header from C:\windows\SYSTEM32\UIAutomationCore.DLL
[0714/100151.337:ERROR:process_memory_win.cc(73)] ReadMemory at 0x7ffdf89d0000 of 64 bytes failed: Only part of a ReadProcessMemory or WriteProcessMemory request was completed. (0x12B)
[0714/100151.337:WARNING:pe_image_reader.cc(340)] could not read dos header from C:\windows\SYSTEM32\DWrite.dll
[0714/100151.337:ERROR:process_memory_win.cc(73)] ReadMemory at 0x7ffdfb890000 of 64 bytes failed: Only part of a ReadProcessMemory or WriteProcessMemory request was completed. (0x12B)
[0714/100151.337:WARNING:pe_image_reader.cc(340)] could not read dos header from C:\windows\SYSTEM32\WINSPOOL.DRV
[0714/100151.337:ERROR:process_memory_win.cc(73)] ReadMemory at 0x7ffdf3a60000 of 64 bytes failed: Only part of a ReadProcessMemory or WriteProcessMemory request was completed. (0x12B)
[0714/100151.337:WARNING:pe_image_reader.cc(340)] could not read dos header from C:\windows\SYSTEM32\dbghelp.dll
[0714/100151.338:ERROR:process_memory_win.cc(73)] ReadMemory at 0x7ffe017d0000 of 64 bytes failed: Only part of a ReadProcessMemory or WriteProcessMemory request was completed. (0x12B)
[0714/100151.338:WARNING:pe_image_reader.cc(340)] could not read dos header from C:\windows\SYSTEM32\WINHTTP.dll
[0714/100151.338:ERROR:process_memory_win.cc(73)] ReadMemory at 0x7ffe07450000 of 64 bytes failed: Only part of a ReadProcessMemory or WriteProcessMemory request was completed. (0x12B)
[0714/100151.338:WARNING:pe_image_reader.cc(340)] could not read dos header from C:\windows\SYSTEM32\dhcpcsvc.DLL
[0714/100151.338:ERROR:process_memory_win.cc(73)] ReadMemory at 0x7ffe0da50000 of 64 bytes failed: Only part of a ReadProcessMemory or WriteProcessMemory request was completed. (0x12B)
[0714/100151.338:WARNING:pe_image_reader.cc(340)] could not read dos header from C:\windows\System32\NSI.dll
[0714/100151.339:ERROR:process_memory_win.cc(73)] ReadMemory at 0x7ffe09ef0000 of 64 bytes failed: Only part of a ReadProcessMemory or WriteProcessMemory request was completed. (0x12B)
[0714/100151.339:WARNING:pe_image_reader.cc(340)] could not read dos header from C:\windows\SYSTEM32\WINMMBASE.dll
[0714/100151.339:ERROR:process_memory_win.cc(73)] ReadMemory at 0x7ffe0c590000 of 64 bytes failed: Only part of a ReadProcessMemory or WriteProcessMemory request was completed. (0x12B)
[0714/100151.340:WARNING:pe_image_reader.cc(340)] could not read dos header from C:\windows\System32\cfgmgr32.dll
[0714/100151.340:ERROR:process_memory_win.cc(73)] ReadMemory at 0x7ffe0be10000 of 64 bytes failed: Only part of a ReadProcessMemory or WriteProcessMemory request was completed. (0x12B)
[0714/100151.340:WARNING:pe_image_reader.cc(340)] could not read dos header from C:\windows\SYSTEM32\bcrypt.dll
[0714/100151.341:ERROR:process_memory_win.cc(73)] ReadMemory at 0x7ffe0c1e0000 of 64 bytes failed: Only part of a ReadProcessMemory or WriteProcessMemory request was completed. (0x12B)
[0714/100151.341:WARNING:pe_image_reader.cc(340)] could not read dos header from C:\windows\SYSTEM32\SSPICLI.DLL
[0714/100151.341:ERROR:process_memory_win.cc(73)] ReadMemory at 0x7ffe0bd20000 of 64 bytes failed: Only part of a ReadProcessMemory or WriteProcessMemory request was completed. (0x12B)
[0714/100151.341:WARNING:pe_image_reader.cc(340)] could not read dos header from C:\windows\SYSTEM32\CRYPTBASE.DLL
[0714/100151.402:ERROR:process_memory_win.cc(73)] ReadMemory at 0x7ff6d9c00000 of 64 bytes failed: Only part of a ReadProcessMemory or WriteProcessMemory request was completed. (0x12B)
[0714/100151.402:WARNING:pe_image_reader.cc(340)] could not read dos header from C:\Program Files (x86)\Google\Chrome\Application\chrome.exe
[0714/100151.402:ERROR:process_memory_win.cc(73)] ReadMemory at 0x7ffe0ff60000 of 64 bytes failed: Only part of a ReadProcessMemory or WriteProcessMemory request was completed. (0x12B)
[0714/100151.402:WARNING:pe_image_reader.cc(340)] could not read dos header from C:\windows\SYSTEM32\ntdll.dll
[0714/100151.402:ERROR:process_memory_win.cc(73)] ReadMemory at 0x7ffe0da60000 of 64 bytes failed: Only part of a ReadProcessMemory or WriteProcessMemory request was completed. (0x12B)
[0714/100151.402:WARNING:pe_image_reader.cc(340)] could not read dos header from C:\windows\System32\KERNEL32.DLL
[0714/100151.402:ERROR:process_memory_win.cc(73)] ReadMemory at 0x7ffe0c5e0000 of 64 bytes failed: Only part of a ReadProcessMemory or WriteProcessMemory request was completed. (0x12B)
[0714/100151.402:WARNING:pe_image_reader.cc(340)] could not read dos header from C:\windows\System32\KERNELBASE.dll
[0714/100151.402:ERROR:process_memory_win.cc(73)] ReadMemory at 0x7ffdf79a0000 of 64 bytes failed: Only part of a ReadProcessMemory or WriteProcessMemory request was completed. (0x12B)
[0714/100151.402:WARNING:pe_image_reader.cc(340)] could not read dos header from C:\Program Files (x86)\Google\Chrome\Application\83.0.4103.116\chrome_elf.dll
[0714/100151.402:ERROR:process_memory_win.cc(73)] ReadMemory at 0x7ffe0b4a0000 of 64 bytes failed: Only part of a ReadProcessMemory or WriteProcessMemory request was completed. (0x12B)
[0714/100151.402:WARNING:pe_image_reader.cc(340)] could not read dos header from C:\windows\SYSTEM32\VERSION.dll
[0714/100151.402:ERROR:process_memory_win.cc(73)] ReadMemory at 0x7ffe0d6f0000 of 64 bytes failed: Only part of a ReadProcessMemory or WriteProcessMemory request was completed. (0x12B)
[0714/100151.402:WARNING:pe_image_reader.cc(340)] could not read dos header from C:\windows\System32\msvcrt.dll
[0714/100151.402:ERROR:process_memory_win.cc(73)] ReadMemory at 0x7ffe0c510000 of 64 bytes failed: Only part of a ReadProcessMemory or WriteProcessMemory request was completed. (0x12B)
[0714/100151.402:WARNING:pe_image_reader.cc(340)] could not read dos header from C:\windows\System32\bcryptPrimitives.dll
[0714/100151.402:ERROR:process_memory_win.cc(73)] ReadMemory at 0x7ffe0ded0000 of 64 bytes failed: Only part of a ReadProcessMemory or WriteProcessMemory request was completed. (0x12B)
[0714/100151.402:WARNING:pe_image_reader.cc(340)] could not read dos header from C:\windows\System32\ADVAPI32.dll
[0714/100151.402:ERROR:process_memory_win.cc(73)] ReadMemory at 0x7ffe0e9b0000 of 64 bytes failed: Only part of a ReadProcessMemory or WriteProcessMemory request was completed. (0x12B)
[0714/100151.402:WARNING:pe_image_reader.cc(340)] could not read dos header from C:\windows\System32\sechost.dll
[0714/100151.403:ERROR:process_memory_win.cc(73)] ReadMemory at 0x7ffe0d930000 of 64 bytes failed: Only part of a ReadProcessMemory or WriteProcessMemory request was completed. (0x12B)
[0714/100151.403:WARNING:pe_image_reader.cc(340)] could not read dos header from C:\windows\System32\RPCRT4.dll
[0714/100151.403:ERROR:process_memory_win.cc(73)] ReadMemory at 0x7ffdb2e70000 of 64 bytes failed: Only part of a ReadProcessMemory or WriteProcessMemory request was completed. (0x12B)
[0714/100151.403:WARNING:pe_image_reader.cc(340)] could not read dos header from C:\Program Files (x86)\Google\Chrome\Application\83.0.4103.116\chrome.dll
[0714/100151.403:ERROR:process_memory_win.cc(73)] ReadMemory at 0x7ffe0e630000 of 64 bytes failed: Only part of a ReadProcessMemory or WriteProcessMemory request was completed. (0x12B)
[0714/100151.403:WARNING:pe_image_reader.cc(340)] could not read dos header from C:\windows\System32\WS2_32.dll
[0714/100151.403:ERROR:process_memory_win.cc(73)] ReadMemory at 0x7ffe0de00000 of 64 bytes failed: Only part of a ReadProcessMemory or WriteProcessMemory request was completed. (0x12B)
[0714/100151.403:WARNING:pe_image_reader.cc(340)] could not read dos header from C:\windows\System32\OLEAUT32.dll
[0714/100151.403:ERROR:process_memory_win.cc(73)] ReadMemory at 0x7ffe0c360000 of 64 bytes failed: Only part of a ReadProcessMemory or WriteProcessMemory request was completed. (0x12B)
[0714/100151.403:WARNING:pe_image_reader.cc(340)] could not read dos header from C:\windows\System32\msvcp_win.dll
[0714/100151.403:ERROR:process_memory_win.cc(73)] ReadMemory at 0x7ffe0cbc0000 of 64 bytes failed: Only part of a ReadProcessMemory or WriteProcessMemory request was completed. (0x12B)
[0714/100151.403:WARNING:pe_image_reader.cc(340)] could not read dos header from C:\windows\System32\ucrtbase.dll
[0714/100151.403:ERROR:process_memory_win.cc(73)] ReadMemory at 0x7ffe0e6a0000 of 64 bytes failed: Only part of a ReadProcessMemory or WriteProcessMemory request was completed. (0x12B)
[0714/100151.403:WARNING:pe_image_reader.cc(340)] could not read dos header from C:\windows\System32\combase.dll
[0714/100151.403:ERROR:process_memory_win.cc(73)] ReadMemory at 0x7ffe0c4b0000 of 64 bytes failed: Only part of a ReadProcessMemory or WriteProcessMemory request was completed. (0x12B)
[0714/100151.403:WARNING:pe_image_reader.cc(340)] could not read dos header from C:\windows\System32\WINTRUST.dll
[0714/100151.403:ERROR:process_memory_win.cc(73)] ReadMemory at 0x7ffe0c2d0000 of 64 bytes failed: Only part of a ReadProcessMemory or WriteProcessMemory request was completed. (0x12B)
[0714/100151.403:WARNING:pe_image_reader.cc(340)] could not read dos header from C:\windows\System32\MSASN1.dll
[0714/100151.403:ERROR:process_memory_win.cc(73)] ReadMemory at 0x7ffe0c9f0000 of 64 bytes failed: Only part of a ReadProcessMemory or WriteProcessMemory request was completed. (0x12B)
[0714/100151.403:WARNING:pe_image_reader.cc(340)] could not read dos header from C:\windows\System32\CRYPT32.dll
[0714/100151.403:ERROR:process_memory_win.cc(73)] ReadMemory at 0x7ffe0b8d0000 of 64 bytes failed: Only part of a ReadProcessMemory or WriteProcessMemory request was completed. (0x12B)
[0714/100151.403:WARNING:pe_image_reader.cc(340)] could not read dos header from C:\windows\SYSTEM32\IPHLPAPI.DLL
[0714/100151.403:ERROR:process_memory_win.cc(73)] ReadMemory at 0x7ffe09f20000 of 64 bytes failed: Only part of a ReadProcessMemory or WriteProcessMemory request was completed. (0x12B)
[0714/100151.403:WARNING:pe_image_reader.cc(340)] could not read dos header from C:\windows\SYSTEM32\WINMM.dll
[0714/100151.404:ERROR:process_memory_win.cc(73)] ReadMemory at 0x7ffe0b380000 of 64 bytes failed: Only part of a ReadProcessMemory or WriteProcessMemory request was completed. (0x12B)
[0714/100151.404:WARNING:pe_image_reader.cc(340)] could not read dos header from C:\windows\SYSTEM32\Secur32.dll
[0714/100151.404:ERROR:process_memory_win.cc(73)] ReadMemory at 0x7ffe0c1b0000 of 64 bytes failed: Only part of a ReadProcessMemory or WriteProcessMemory request was completed. (0x12B)
[0714/100151.404:WARNING:pe_image_reader.cc(340)] could not read dos header from C:\windows\SYSTEM32\USERENV.dll
[0714/100151.404:ERROR:process_memory_win.cc(73)] ReadMemory at 0x7ffe0c2f0000 of 64 bytes failed: Only part of a ReadProcessMemory or WriteProcessMemory request was completed. (0x12B)
[0714/100151.404:WARNING:pe_image_reader.cc(340)] could not read dos header from C:\windows\System32\profapi.dll
[0714/100151.404:ERROR:process_memory_win.cc(73)] ReadMemory at 0x7ffdf9390000 of 64 bytes failed: Only part of a ReadProcessMemory or WriteProcessMemory request was completed. (0x12B)
[0714/100151.404:WARNING:pe_image_reader.cc(340)] could not read dos header from C:\windows\SYSTEM32\UIAutomationCore.DLL
[0714/100151.404:ERROR:process_memory_win.cc(73)] ReadMemory at 0x7ffdf89d0000 of 64 bytes failed: Only part of a ReadProcessMemory or WriteProcessMemory request was completed. (0x12B)
[0714/100151.404:WARNING:pe_image_reader.cc(340)] could not read dos header from C:\windows\SYSTEM32\DWrite.dll
[0714/100151.404:ERROR:process_memory_win.cc(73)] ReadMemory at 0x7ffdfb890000 of 64 bytes failed: Only part of a ReadProcessMemory or WriteProcessMemory request was completed. (0x12B)
[0714/100151.404:WARNING:pe_image_reader.cc(340)] could not read dos header from C:\windows\SYSTEM32\WINSPOOL.DRV
[0714/100151.404:ERROR:process_memory_win.cc(73)] ReadMemory at 0x7ffdf3a60000 of 64 bytes failed: Only part of a ReadProcessMemory or WriteProcessMemory request was completed. (0x12B)
[0714/100151.404:WARNING:pe_image_reader.cc(340)] could not read dos header from C:\windows\SYSTEM32\dbghelp.dll
[0714/100151.404:ERROR:process_memory_win.cc(73)] ReadMemory at 0x7ffe017d0000 of 64 bytes failed: Only part of a ReadProcessMemory or WriteProcessMemory request was completed. (0x12B)
[0714/100151.404:WARNING:pe_image_reader.cc(340)] could not read dos header from C:\windows\SYSTEM32\WINHTTP.dll
[0714/100151.404:ERROR:process_memory_win.cc(73)] ReadMemory at 0x7ffe07450000 of 64 bytes failed: Only part of a ReadProcessMemory or WriteProcessMemory request was completed. (0x12B)
[0714/100151.404:WARNING:pe_image_reader.cc(340)] could not read dos header from C:\windows\SYSTEM32\dhcpcsvc.DLL
[0714/100151.404:ERROR:process_memory_win.cc(73)] ReadMemory at 0x7ffe0da50000 of 64 bytes failed: Only part of a ReadProcessMemory or WriteProcessMemory request was completed. (0x12B)
[0714/100151.404:WARNING:pe_image_reader.cc(340)] could not read dos header from C:\windows\System32\NSI.dll
[0714/100151.404:ERROR:process_memory_win.cc(73)] ReadMemory at 0x7ffe09ef0000 of 64 bytes failed: Only part of a ReadProcessMemory or WriteProcessMemory request was completed. (0x12B)
[0714/100151.404:WARNING:pe_image_reader.cc(340)] could not read dos header from C:\windows\SYSTEM32\WINMMBASE.dll
[0714/100151.404:ERROR:process_memory_win.cc(73)] ReadMemory at 0x7ffe0c590000 of 64 bytes failed: Only part of a ReadProcessMemory or WriteProcessMemory request was completed. (0x12B)
[0714/100151.404:WARNING:pe_image_reader.cc(340)] could not read dos header from C:\windows\System32\cfgmgr32.dll
[0714/100151.404:ERROR:process_memory_win.cc(73)] ReadMemory at 0x7ffe0be10000 of 64 bytes failed: Only part of a ReadProcessMemory or WriteProcessMemory request was completed. (0x12B)
[0714/100151.405:WARNING:pe_image_reader.cc(340)] could not read dos header from C:\windows\SYSTEM32\bcrypt.dll
[0714/100151.405:ERROR:process_memory_win.cc(73)] ReadMemory at 0x7ffe0c1e0000 of 64 bytes failed: Only part of a ReadProcessMemory or WriteProcessMemory request was completed. (0x12B)
[0714/100151.405:WARNING:pe_image_reader.cc(340)] could not read dos header from C:\windows\SYSTEM32\SSPICLI.DLL
[0714/100151.405:ERROR:process_memory_win.cc(73)] ReadMemory at 0x7ffe0bd20000 of 64 bytes failed: Only part of a ReadProcessMemory or WriteProcessMemory request was completed. (0x12B)
[0714/100151.405:WARNING:pe_image_reader.cc(340)] could not read dos header from C:\windows\SYSTEM32\CRYPTBASE.DLL
[0714/100151.405:ERROR:process_memory_win.cc(73)] ReadMemory at 0x7ff6d9c00000 of 64 bytes failed: Only part of a ReadProcessMemory or WriteProcessMemory request was completed. (0x12B)
[0714/100151.405:WARNING:pe_image_reader.cc(340)] could not read dos header from C:\Program Files (x86)\Google\Chrome\Application\chrome.exe
[0714/100151.405:ERROR:process_memory_win.cc(73)] ReadMemory at 0x7ffe0ff60000 of 64 bytes failed: Only part of a ReadProcessMemory or WriteProcessMemory request was completed. (0x12B)
[0714/100151.405:WARNING:pe_image_reader.cc(340)] could not read dos header from C:\windows\SYSTEM32\ntdll.dll
[0714/100151.405:ERROR:process_memory_win.cc(73)] ReadMemory at 0x7ffe0da60000 of 64 bytes failed: Only part of a ReadProcessMemory or WriteProcessMemory request was completed. (0x12B)
[0714/100151.405:WARNING:pe_image_reader.cc(340)] could not read dos header from C:\windows\System32\KERNEL32.DLL
[0714/100151.405:ERROR:process_memory_win.cc(73)] ReadMemory at 0x7ffe0c5e0000 of 64 bytes failed: Only part of a ReadProcessMemory or WriteProcessMemory request was completed. (0x12B)
[0714/100151.405:WARNING:pe_image_reader.cc(340)] could not read dos header from C:\windows\System32\KERNELBASE.dll
[0714/100151.405:ERROR:process_memory_win.cc(73)] ReadMemory at 0x7ffdf79a0000 of 64 bytes failed: Only part of a ReadProcessMemory or WriteProcessMemory request was completed. (0x12B)
[0714/100151.405:WARNING:pe_image_reader.cc(340)] could not read dos header from C:\Program Files (x86)\Google\Chrome\Application\83.0.4103.116\chrome_elf.dll
[0714/100151.405:ERROR:process_memory_win.cc(73)] ReadMemory at 0x7ffe0b4a0000 of 64 bytes failed: Only part of a ReadProcessMemory or WriteProcessMemory request was completed. (0x12B)
[0714/100151.405:WARNING:pe_image_reader.cc(340)] could not read dos header from C:\windows\SYSTEM32\VERSION.dll
[0714/100151.405:ERROR:process_memory_win.cc(73)] ReadMemory at 0x7ffe0d6f0000 of 64 bytes failed: Only part of a ReadProcessMemory or WriteProcessMemory request was completed. (0x12B)
[0714/100151.405:WARNING:pe_image_reader.cc(340)] could not read dos header from C:\windows\System32\msvcrt.dll
[0714/100151.405:ERROR:process_memory_win.cc(73)] ReadMemory at 0x7ffe0c510000 of 64 bytes failed: Only part of a ReadProcessMemory or WriteProcessMemory request was completed. (0x12B)
[0714/100151.405:WARNING:pe_image_reader.cc(340)] could not read dos header from C:\windows\System32\bcryptPrimitives.dll
[0714/100151.405:ERROR:process_memory_win.cc(73)] ReadMemory at 0x7ffe0ded0000 of 64 bytes failed: Only part of a ReadProcessMemory or WriteProcessMemory request was completed. (0x12B)
[0714/100151.405:WARNING:pe_image_reader.cc(340)] could not read dos header from C:\windows\System32\ADVAPI32.dll
[0714/100151.405:ERROR:process_memory_win.cc(73)] ReadMemory at 0x7ffe0e9b0000 of 64 bytes failed: Only part of a ReadProcessMemory or WriteProcessMemory request was completed. (0x12B)
[0714/100151.405:WARNING:pe_image_reader.cc(340)] could not read dos header from C:\windows\System32\sechost.dll
[0714/100151.406:ERROR:process_memory_win.cc(73)] ReadMemory at 0x7ffe0d930000 of 64 bytes failed: Only part of a ReadProcessMemory or WriteProcessMemory request was completed. (0x12B)
[0714/100151.406:WARNING:pe_image_reader.cc(340)] could not read dos header from C:\windows\System32\RPCRT4.dll
[0714/100151.406:ERROR:process_memory_win.cc(73)] ReadMemory at 0x7ffdb2e70000 of 64 bytes failed: Only part of a ReadProcessMemory or WriteProcessMemory request was completed. (0x12B)
[0714/100151.406:WARNING:pe_image_reader.cc(340)] could not read dos header from C:\Program Files (x86)\Google\Chrome\Application\83.0.4103.116\chrome.dll
[0714/100151.406:ERROR:process_memory_win.cc(73)] ReadMemory at 0x7ffe0e630000 of 64 bytes failed: Only part of a ReadProcessMemory or WriteProcessMemory request was completed. (0x12B)
[0714/100151.406:WARNING:pe_image_reader.cc(340)] could not read dos header from C:\windows\System32\WS2_32.dll
[0714/100151.406:ERROR:process_memory_win.cc(73)] ReadMemory at 0x7ffe0de00000 of 64 bytes failed: Only part of a ReadProcessMemory or WriteProcessMemory request was completed. (0x12B)
[0714/100151.406:WARNING:pe_image_reader.cc(340)] could not read dos header from C:\windows\System32\OLEAUT32.dll
[0714/100151.406:ERROR:process_memory_win.cc(73)] ReadMemory at 0x7ffe0c360000 of 64 bytes failed: Only part of a ReadProcessMemory or WriteProcessMemory request was completed. (0x12B)
[0714/100151.406:WARNING:pe_image_reader.cc(340)] could not read dos header from C:\windows\System32\msvcp_win.dll
[0714/100151.406:ERROR:process_memory_win.cc(73)] ReadMemory at 0x7ffe0cbc0000 of 64 bytes failed: Only part of a ReadProcessMemory or WriteProcessMemory request was completed. (0x12B)
[0714/100151.406:WARNING:pe_image_reader.cc(340)] could not read dos header from C:\windows\System32\ucrtbase.dll
[0714/100151.406:ERROR:process_memory_win.cc(73)] ReadMemory at 0x7ffe0e6a0000 of 64 bytes failed: Only part of a ReadProcessMemory or WriteProcessMemory request was completed. (0x12B)
[0714/100151.406:WARNING:pe_image_reader.cc(340)] could not read dos header from C:\windows\System32\combase.dll
[0714/100151.406:ERROR:process_memory_win.cc(73)] ReadMemory at 0x7ffe0c4b0000 of 64 bytes failed: Only part of a ReadProcessMemory or WriteProcessMemory request was completed. (0x12B)
[0714/100151.406:WARNING:pe_image_reader.cc(340)] could not read dos header from C:\windows\System32\WINTRUST.dll
[0714/100151.406:ERROR:process_memory_win.cc(73)] ReadMemory at 0x7ffe0c2d0000 of 64 bytes failed: Only part of a ReadProcessMemory or WriteProcessMemory request was completed. (0x12B)
[0714/100151.406:WARNING:pe_image_reader.cc(340)] could not read dos header from C:\windows\System32\MSASN1.dll
[0714/100151.406:ERROR:process_memory_win.cc(73)] ReadMemory at 0x7ffe0c9f0000 of 64 bytes failed: Only part of a ReadProcessMemory or WriteProcessMemory request was completed. (0x12B)
[0714/100151.406:WARNING:pe_image_reader.cc(340)] could not read dos header from C:\windows\System32\CRYPT32.dll
[0714/100151.406:ERROR:process_memory_win.cc(73)] ReadMemory at 0x7ffe0b8d0000 of 64 bytes failed: Only part of a ReadProcessMemory or WriteProcessMemory request was completed. (0x12B)
[0714/100151.406:WARNING:pe_image_reader.cc(340)] could not read dos header from C:\windows\SYSTEM32\IPHLPAPI.DLL
[0714/100151.406:ERROR:process_memory_win.cc(73)] ReadMemory at 0x7ffe09f20000 of 64 bytes failed: Only part of a ReadProcessMemory or WriteProcessMemory request was completed. (0x12B)
[0714/100151.406:WARNING:pe_image_reader.cc(340)] could not read dos header from C:\windows\SYSTEM32\WINMM.dll
[0714/100151.406:ERROR:process_memory_win.cc(73)] ReadMemory at 0x7ffe0b380000 of 64 bytes failed: Only part of a ReadProcessMemory or WriteProcessMemory request was completed. (0x12B)
[0714/100151.407:WARNING:pe_image_reader.cc(340)] could not read dos header from C:\windows\SYSTEM32\Secur32.dll
[0714/100151.407:ERROR:process_memory_win.cc(73)] ReadMemory at 0x7ffe0c1b0000 of 64 bytes failed: Only part of a ReadProcessMemory or WriteProcessMemory request was completed. (0x12B)
[0714/100151.407:WARNING:pe_image_reader.cc(340)] could not read dos header from C:\windows\SYSTEM32\USERENV.dll
[0714/100151.407:ERROR:process_memory_win.cc(73)] ReadMemory at 0x7ffe0c2f0000 of 64 bytes failed: Only part of a ReadProcessMemory or WriteProcessMemory request was completed. (0x12B)
[0714/100151.407:WARNING:pe_image_reader.cc(340)] could not read dos header from C:\windows\System32\profapi.dll
[0714/100151.407:ERROR:process_memory_win.cc(73)] ReadMemory at 0x7ffdf9390000 of 64 bytes failed: Only part of a ReadProcessMemory or WriteProcessMemory request was completed. (0x12B)
[0714/100151.407:WARNING:pe_image_reader.cc(340)] could not read dos header from C:\windows\SYSTEM32\UIAutomationCore.DLL
[0714/100151.407:ERROR:process_memory_win.cc(73)] ReadMemory at 0x7ffdf89d0000 of 64 bytes failed: Only part of a ReadProcessMemory or WriteProcessMemory request was completed. (0x12B)
[0714/100151.407:WARNING:pe_image_reader.cc(340)] could not read dos header from C:\windows\SYSTEM32\DWrite.dll
[0714/100151.407:ERROR:process_memory_win.cc(73)] ReadMemory at 0x7ffdfb890000 of 64 bytes failed: Only part of a ReadProcessMemory or WriteProcessMemory request was completed. (0x12B)
[0714/100151.407:WARNING:pe_image_reader.cc(340)] could not read dos header from C:\windows\SYSTEM32\WINSPOOL.DRV
[0714/100151.407:ERROR:process_memory_win.cc(73)] ReadMemory at 0x7ffdf3a60000 of 64 bytes failed: Only part of a ReadProcessMemory or WriteProcessMemory request was completed. (0x12B)
[0714/100151.407:WARNING:pe_image_reader.cc(340)] could not read dos header from C:\windows\SYSTEM32\dbghelp.dll
[0714/100151.407:ERROR:process_memory_win.cc(73)] ReadMemory at 0x7ffe017d0000 of 64 bytes failed: Only part of a ReadProcessMemory or WriteProcessMemory request was completed. (0x12B)
[0714/100151.407:WARNING:pe_image_reader.cc(340)] could not read dos header from C:\windows\SYSTEM32\WINHTTP.dll
[0714/100151.407:ERROR:process_memory_win.cc(73)] ReadMemory at 0x7ffe07450000 of 64 bytes failed: Only part of a ReadProcessMemory or WriteProcessMemory request was completed. (0x12B)
[0714/100151.407:WARNING:pe_image_reader.cc(340)] could not read dos header from C:\windows\SYSTEM32\dhcpcsvc.DLL
[0714/100151.407:ERROR:process_memory_win.cc(73)] ReadMemory at 0x7ffe0da50000 of 64 bytes failed: Only part of a ReadProcessMemory or WriteProcessMemory request was completed. (0x12B)
[0714/100151.407:WARNING:pe_image_reader.cc(340)] could not read dos header from C:\windows\System32\NSI.dll
[0714/100151.407:ERROR:process_memory_win.cc(73)] ReadMemory at 0x7ffe09ef0000 of 64 bytes failed: Only part of a ReadProcessMemory or WriteProcessMemory request was completed. (0x12B)
[0714/100151.407:WARNING:pe_image_reader.cc(340)] could not read dos header from C:\windows\SYSTEM32\WINMMBASE.dll
[0714/100151.407:ERROR:process_memory_win.cc(73)] ReadMemory at 0x7ffe0c590000 of 64 bytes failed: Only part of a ReadProcessMemory or WriteProcessMemory request was completed. (0x12B)
[0714/100151.407:WARNING:pe_image_reader.cc(340)] could not read dos header from C:\windows\System32\cfgmgr32.dll
[0714/100151.407:ERROR:process_memory_win.cc(73)] ReadMemory at 0x7ffe0be10000 of 64 bytes failed: Only part of a ReadProcessMemory or WriteProcessMemory request was completed. (0x12B)
[0714/100151.407:WARNING:pe_image_reader.cc(340)] could not read dos header from C:\windows\SYSTEM32\bcrypt.dll
[0714/100151.408:ERROR:process_memory_win.cc(73)] ReadMemory at 0x7ffe0c1e0000 of 64 bytes failed: Only part of a ReadProcessMemory or WriteProcessMemory request was completed. (0x12B)
[0714/100151.408:WARNING:pe_image_reader.cc(340)] could not read dos header from C:\windows\SYSTEM32\SSPICLI.DLL
[0714/100151.408:ERROR:process_memory_win.cc(73)] ReadMemory at 0x7ffe0bd20000 of 64 bytes failed: Only part of a ReadProcessMemory or WriteProcessMemory request was completed. (0x12B)
[0714/100151.408:WARNING:pe_image_reader.cc(340)] could not read dos header from C:\windows\SYSTEM32\CRYPTBASE.DLL
[0714/100151.529:ERROR:process_memory_win.cc(73)] ReadMemory at 0x22a85f1000 of 61440 bytes failed: Only part of a ReadProcessMemory or WriteProcessMemory request was completed. (0x12B)
[0714/100151.530:ERROR:process_memory_win.cc(73)] ReadMemory at 0x22a8dfd000 of 12288 bytes failed: Only part of a ReadProcessMemory or WriteProcessMemory request was completed. (0x12B)
[0714/100151.559:ERROR:process_memory_win.cc(73)] ReadMemory at 0x22a95fa000 of 24576 bytes failed: Only part of a ReadProcessMemory or WriteProcessMemory request was completed. (0x12B)
[0714/100151.560:ERROR:process_memory_win.cc(73)] ReadMemory at 0x22a9dfc000 of 16384 bytes failed: Only part of a ReadProcessMemory or WriteProcessMemory request was completed. (0x12B)
[0714/100151.560:ERROR:process_memory_win.cc(73)] ReadMemory at 0x22aa5fb000 of 20480 bytes failed: Only part of a ReadProcessMemory or WriteProcessMemory request was completed. (0x12B)
[0714/100151.560:ERROR:process_memory_win.cc(73)] ReadMemory at 0x22aadff000 of 4096 bytes failed: Only part of a ReadProcessMemory or WriteProcessMemory request was completed. (0x12B)
[0714/100151.560:ERROR:process_memory_win.cc(73)] ReadMemory at 0x22ab5fd000 of 12288 bytes failed: Only part of a ReadProcessMemory or WriteProcessMemory request was completed. (0x12B)
[0714/100151.560:ERROR:process_memory_win.cc(73)] ReadMemory at 0x22abdfb000 of 20480 bytes failed: Only part of a ReadProcessMemory or WriteProcessMemory request was completed. (0x12B)
[0714/100151.560:ERROR:process_memory_win.cc(73)] ReadMemory at 0x22ac5fd000 of 12288 bytes failed: Only part of a ReadProcessMemory or WriteProcessMemory request was completed. (0x12B)
[0714/100151.560:ERROR:process_memory_win.cc(73)] ReadMemory at 0x22acdfd000 of 12288 bytes failed: Only part of a ReadProcessMemory or WriteProcessMemory request was completed. (0x12B)
[0714/100151.561:ERROR:process_memory_win.cc(73)] ReadMemory at 0x22ad5f6000 of 40960 bytes failed: Only part of a ReadProcessMemory or WriteProcessMemory request was completed. (0x12B)
[0714/100151.561:ERROR:process_memory_win.cc(73)] ReadMemory at 0x22addfd000 of 12288 bytes failed: Only part of a ReadProcessMemory or WriteProcessMemory request was completed. (0x12B)
[0714/100151.561:ERROR:process_memory_win.cc(73)] ReadMemory at 0x22aedf6000 of 40960 bytes failed: Only part of a ReadProcessMemory or WriteProcessMemory request was completed. (0x12B)
[0714/100151.606:ERROR:process_memory_win.cc(73)] ReadMemory at 0x22af5fc000 of 16384 bytes failed: Only part of a ReadProcessMemory or WriteProcessMemory request was completed. (0x12B)
[0714/100151.607:ERROR:process_memory_win.cc(73)] ReadMemory at 0x22afdff000 of 4096 bytes failed: Only part of a ReadProcessMemory or WriteProcessMemory request was completed. (0x12B)
[0714/100151.607:ERROR:process_memory_win.cc(73)] ReadMemory at 0x22a7c01000 of 852 bytes failed: Only part of a ReadProcessMemory or WriteProcessMemory request was completed. (0x12B)
[0714/100151.607:ERROR:process_memory_win.cc(73)] ReadMemory at 0x22a7c02000 of 6024 bytes failed: Only part of a ReadProcessMemory or WriteProcessMemory request was completed. (0x12B)
[0714/100151.607:ERROR:process_memory_win.cc(73)] ReadMemory at 0x22a7c04000 of 6024 bytes failed: Only part of a ReadProcessMemory or WriteProcessMemory request was completed. (0x12B)
[0714/100151.607:ERROR:process_memory_win.cc(73)] ReadMemory at 0x22a7c06000 of 6024 bytes failed: Only part of a ReadProcessMemory or WriteProcessMemory request was completed. (0x12B)
[0714/100151.607:ERROR:process_memory_win.cc(73)] ReadMemory at 0x22a7c08000 of 6024 bytes failed: Only part of a ReadProcessMemory or WriteProcessMemory request was completed. (0x12B)
[0714/100151.608:ERROR:process_memory_win.cc(73)] ReadMemory at 0x22a7c0a000 of 6024 bytes failed: Only part of a ReadProcessMemory or WriteProcessMemory request was completed. (0x12B)
[0714/100151.608:ERROR:process_memory_win.cc(73)] ReadMemory at 0x22a7c0c000 of 6024 bytes failed: Only part of a ReadProcessMemory or WriteProcessMemory request was completed. (0x12B)
[0714/100151.608:ERROR:process_memory_win.cc(73)] ReadMemory at 0x22a7c0e000 of 6024 bytes failed: Only part of a ReadProcessMemory or WriteProcessMemory request was completed. (0x12B)
[0714/100151.608:ERROR:process_memory_win.cc(73)] ReadMemory at 0x22a7c10000 of 6024 bytes failed: Only part of a ReadProcessMemory or WriteProcessMemory request was completed. (0x12B)
[0714/100151.608:ERROR:process_memory_win.cc(73)] ReadMemory at 0x22a7c12000 of 6024 bytes failed: Only part of a ReadProcessMemory or WriteProcessMemory request was completed. (0x12B)
[0714/100151.608:ERROR:process_memory_win.cc(73)] ReadMemory at 0x22a7c14000 of 6024 bytes failed: Only part of a ReadProcessMemory or WriteProcessMemory request was completed. (0x12B)
[0714/100151.609:ERROR:process_memory_win.cc(73)] ReadMemory at 0x22a7c16000 of 6024 bytes failed: Only part of a ReadProcessMemory or WriteProcessMemory request was completed. (0x12B)
[0714/100151.609:ERROR:process_memory_win.cc(73)] ReadMemory at 0x22a7c18000 of 6024 bytes failed: Only part of a ReadProcessMemory or WriteProcessMemory request was completed. (0x12B)
[0714/100151.609:ERROR:process_memory_win.cc(73)] ReadMemory at 0x22a7c1c000 of 6024 bytes failed: Only part of a ReadProcessMemory or WriteProcessMemory request was completed. (0x12B)
[0714/100151.610:ERROR:process_memory_win.cc(73)] ReadMemory at 0x22a7c1e000 of 6024 bytes failed: Only part of a ReadProcessMemory or WriteProcessMemory request was completed. (0x12B)
[0714/100151.610:ERROR:process_memory_win.cc(73)] ReadMemory at 0x22a7c20000 of 6024 bytes failed: Only part of a ReadProcessMemory or WriteProcessMemory request was completed. (0x12B)
[0714/100151.610:ERROR:process_memory_win.cc(73)] ReadMemory at 0x1aad4a40fc0 of 26032 bytes failed: Only part of a ReadProcessMemory or WriteProcessMemory request was completed. (0x12B)
[0714/100151.610:ERROR:process_memory_win.cc(73)] ReadMemory at 0x1aad4a47580 of 1012 bytes failed: Only part of a ReadProcessMemory or WriteProcessMemory request was completed. (0x12B)
[0714/100151.610:ERROR:process_memory_win.cc(73)] ReadMemory at 0x1aad4a47b98 of 118 bytes failed: Only part of a ReadProcessMemory or WriteProcessMemory request was completed. (0x12B)
[0714/100151.610:ERROR:process_memory_win.cc(73)] ReadMemory at 0x1aad4a47c10 of 750 bytes failed: Only part of a ReadProcessMemory or WriteProcessMemory request was completed. (0x12B)
[0714/100151.610:ERROR:process_memory_win.cc(73)] ReadMemory at 0x1aad4a47f00 of 118 bytes failed: Only part of a ReadProcessMemory or WriteProcessMemory request was completed. (0x12B)
[0714/100151.611:ERROR:process_memory_win.cc(73)] ReadMemory at 0x1aad4a47f78 of 96 bytes failed: Only part of a ReadProcessMemory or WriteProcessMemory request was completed. (0x12B)
[0714/100151.611:ERROR:process_memory_win.cc(73)] ReadMemory at 0x1aad4a47ff0 of 58 bytes failed: Only part of a ReadProcessMemory or WriteProcessMemory request was completed. (0x12B)
[0714/100151.611:ERROR:process_memory_win.cc(73)] ReadMemory at 0x1aad4a480f0 of 132 bytes failed: Only part of a ReadProcessMemory or WriteProcessMemory request was completed. (0x12B)
[0714/100151.611:ERROR:process_memory_win.cc(73)] ReadMemory at 0x1aad4a48280 of 132 bytes failed: Only part of a ReadProcessMemory or WriteProcessMemory request was completed. (0x12B)
[0714/100151.611:ERROR:process_memory_win.cc(73)] ReadMemory at 0x1aad4a48440 of 126 bytes failed: Only part of a ReadProcessMemory or WriteProcessMemory request was completed. (0x12B)
[0714/100151.611:ERROR:process_memory_win.cc(73)] ReadMemory at 0x1aad4a48820 of 132 bytes failed: Only part of a ReadProcessMemory or WriteProcessMemory request was completed. (0x12B)
[0714/100151.611:ERROR:process_memory_win.cc(73)] ReadMemory at 0x1aad4a489b0 of 64 bytes failed: Only part of a ReadProcessMemory or WriteProcessMemory request was completed. (0x12B)
[0714/100151.611:ERROR:process_memory_win.cc(73)] ReadMemory at 0x1aad4a48ae0 of 132 bytes failed: Only part of a ReadProcessMemory or WriteProcessMemory request was completed. (0x12B)
[0714/100151.612:ERROR:process_memory_win.cc(73)] ReadMemory at 0x1aad4a48df0 of 132 bytes failed: Only part of a ReadProcessMemory or WriteProcessMemory request was completed. (0x12B)
[0714/100151.612:ERROR:process_memory_win.cc(73)] ReadMemory at 0x1aad4a48f80 of 68 bytes failed: Only part of a ReadProcessMemory or WriteProcessMemory request was completed. (0x12B)
[0714/100151.612:ERROR:process_memory_win.cc(73)] ReadMemory at 0x1aad4a49d30 of 132 bytes failed: Only part of a ReadProcessMemory or WriteProcessMemory request was completed. (0x12B)
[0714/100151.612:ERROR:process_memory_win.cc(73)] ReadMemory at 0x1aad4a49ea0 of 132 bytes failed: Only part of a ReadProcessMemory or WriteProcessMemory request was completed. (0x12B)
[0714/100151.612:ERROR:process_memory_win.cc(73)] ReadMemory at 0x1aad4a49fd0 of 154 bytes failed: Only part of a ReadProcessMemory or WriteProcessMemory request was completed. (0x12B)
[0714/100151.612:ERROR:process_memory_win.cc(73)] ReadMemory at 0x1aad4a4c820 of 62 bytes failed: Only part of a ReadProcessMemory or WriteProcessMemory request was completed. (0x12B)
[0714/100151.612:ERROR:process_memory_win.cc(73)] ReadMemory at 0x1aad4a4c980 of 132 bytes failed: Only part of a ReadProcessMemory or WriteProcessMemory request was completed. (0x12B)
[0714/100151.612:ERROR:process_memory_win.cc(73)] ReadMemory at 0x1aad4a4cb10 of 60 bytes failed: Only part of a ReadProcessMemory or WriteProcessMemory request was completed. (0x12B)
[0714/100151.613:ERROR:process_memory_win.cc(73)] ReadMemory at 0x1aad4a4d8b0 of 132 bytes failed: Only part of a ReadProcessMemory or WriteProcessMemory request was completed. (0x12B)
[0714/100151.613:ERROR:process_memory_win.cc(73)] ReadMemory at 0x1aad4a4d9e0 of 132 bytes failed: Only part of a ReadProcessMemory or WriteProcessMemory request was completed. (0x12B)
[0714/100151.613:ERROR:process_memory_win.cc(73)] ReadMemory at 0x1aad4a4dc00 of 132 bytes failed: Only part of a ReadProcessMemory or WriteProcessMemory request was completed. (0x12B)
[0714/100151.613:ERROR:process_memory_win.cc(73)] ReadMemory at 0x1aad4a4df60 of 132 bytes failed: Only part of a ReadProcessMemory or WriteProcessMemory request was completed. (0x12B)
[0714/100151.613:ERROR:process_memory_win.cc(73)] ReadMemory at 0x1aad4a4e090 of 132 bytes failed: Only part of a ReadProcessMemory or WriteProcessMemory request was completed. (0x12B)
[0714/100151.613:ERROR:process_memory_win.cc(73)] ReadMemory at 0x1aad4a50900 of 132 bytes failed: Only part of a ReadProcessMemory or WriteProcessMemory request was completed. (0x12B)
[0714/100151.613:ERROR:process_memory_win.cc(73)] ReadMemory at 0x1aad4a50a30 of 132 bytes failed: Only part of a ReadProcessMemory or WriteProcessMemory request was completed. (0x12B)
[0714/100151.613:ERROR:process_memory_win.cc(73)] ReadMemory at 0x1aad4a50bc0 of 80 bytes failed: Only part of a ReadProcessMemory or WriteProcessMemory request was completed. (0x12B)
[0714/100151.613:ERROR:process_memory_win.cc(73)] ReadMemory at 0x1aad4a50c20 of 146 bytes failed: Only part of a ReadProcessMemory or WriteProcessMemory request was completed. (0x12B)
[0714/100151.614:ERROR:process_memory_win.cc(73)] ReadMemory at 0x1aad4a51ae0 of 80 bytes failed: Only part of a ReadProcessMemory or WriteProcessMemory request was completed. (0x12B)
[0714/100151.614:ERROR:process_memory_win.cc(73)] ReadMemory at 0x1aad4a54820 of 54 bytes failed: Only part of a ReadProcessMemory or WriteProcessMemory request was completed. (0x12B)
[0714/100151.614:ERROR:process_memory_win.cc(73)] ReadMemory at 0x1aad4a55330 of 132 bytes failed: Only part of a ReadProcessMemory or WriteProcessMemory request was completed. (0x12B)
[0714/100151.614:ERROR:process_memory_win.cc(73)] ReadMemory at 0x1aad4a55460 of 132 bytes failed: Only part of a ReadProcessMemory or WriteProcessMemory request was completed. (0x12B)
[0714/100151.614:ERROR:process_memory_win.cc(73)] ReadMemory at 0x1aad4a55920 of 132 bytes failed: Only part of a ReadProcessMemory or WriteProcessMemory request was completed. (0x12B)
[0714/100151.614:ERROR:process_memory_win.cc(73)] ReadMemory at 0x1aad4a55a50 of 132 bytes failed: Only part of a ReadProcessMemory or WriteProcessMemory request was completed. (0x12B)
[0714/100151.614:ERROR:process_memory_win.cc(73)] ReadMemory at 0x1aad4a562a0 of 132 bytes failed: Only part of a ReadProcessMemory or WriteProcessMemory request was completed. (0x12B)
[0714/100151.614:ERROR:process_memory_win.cc(73)] ReadMemory at 0x1aad4a563d0 of 132 bytes failed: Only part of a ReadProcessMemory or WriteProcessMemory request was completed. (0x12B)
[0714/100151.615:ERROR:process_memory_win.cc(73)] ReadMemory at 0x1aad4a56760 of 132 bytes failed: Only part of a ReadProcessMemory or WriteProcessMemory request was completed. (0x12B)
[0714/100151.615:ERROR:process_memory_win.cc(73)] ReadMemory at 0x1aad4a56ba0 of 132 bytes failed: Only part of a ReadProcessMemory or WriteProcessMemory request was completed. (0x12B)
[0714/100151.615:ERROR:process_memory_win.cc(73)] ReadMemory at 0x1aad4a5b460 of 132 bytes failed: Only part of a ReadProcessMemory or WriteProcessMemory request was completed. (0x12B)
[0714/100151.615:ERROR:process_memory_win.cc(73)] ReadMemory at 0x1aad4a5b590 of 132 bytes failed: Only part of a ReadProcessMemory or WriteProcessMemory request was completed. (0x12B)
[0714/100151.615:ERROR:process_memory_win.cc(73)] ReadMemory at 0x1aad4a5b6c0 of 132 bytes failed: Only part of a ReadProcessMemory or WriteProcessMemory request was completed. (0x12B)
[0714/100151.615:ERROR:process_memory_win.cc(73)] ReadMemory at 0x1aad4a5b7f0 of 132 bytes failed: Only part of a ReadProcessMemory or WriteProcessMemory request was completed. (0x12B)
[0714/100151.615:ERROR:process_memory_win.cc(73)] ReadMemory at 0x1aad4a5b920 of 132 bytes failed: Only part of a ReadProcessMemory or WriteProcessMemory request was completed. (0x12B)
[0714/100151.615:ERROR:process_memory_win.cc(73)] ReadMemory at 0x1aad4a5ba50 of 132 bytes failed: Only part of a ReadProcessMemory or WriteProcessMemory request was completed. (0x12B)
[0714/100151.616:ERROR:process_memory_win.cc(73)] ReadMemory at 0x1aad4a5bb80 of 132 bytes failed: Only part of a ReadProcessMemory or WriteProcessMemory request was completed. (0x12B)
[0714/100151.616:ERROR:process_memory_win.cc(73)] ReadMemory at 0x1aad4a5bcb0 of 132 bytes failed: Only part of a ReadProcessMemory or WriteProcessMemory request was completed. (0x12B)
[0714/100151.616:ERROR:process_memory_win.cc(73)] ReadMemory at 0x1aad4a5bde0 of 132 bytes failed: Only part of a ReadProcessMemory or WriteProcessMemory request was completed. (0x12B)
[0714/100151.616:ERROR:process_memory_win.cc(73)] ReadMemory at 0x1aad4a5bf10 of 132 bytes failed: Only part of a ReadProcessMemory or WriteProcessMemory request was completed. (0x12B)
[0714/100151.616:ERROR:process_memory_win.cc(73)] ReadMemory at 0x1aad4a5c040 of 132 bytes failed: Only part of a ReadProcessMemory or WriteProcessMemory request was completed. (0x12B)
[0714/100151.616:ERROR:process_memory_win.cc(73)] ReadMemory at 0x1aad4a5c170 of 132 bytes failed: Only part of a ReadProcessMemory or WriteProcessMemory request was completed. (0x12B)
[0714/100151.616:ERROR:process_memory_win.cc(73)] ReadMemory at 0x1aad4a5cab0 of 62 bytes failed: Only part of a ReadProcessMemory or WriteProcessMemory request was completed. (0x12B)
[0714/100151.616:ERROR:process_memory_win.cc(73)] ReadMemory at 0x1aad4a5cb00 of 62 bytes failed: Only part of a ReadProcessMemory or WriteProcessMemory request was completed. (0x12B)
[0714/100151.617:ERROR:process_memory_win.cc(73)] ReadMemory at 0x1aad4a5cb50 of 58 bytes failed: Only part of a ReadProcessMemory or WriteProcessMemory request was completed. (0x12B)
[0714/100151.617:ERROR:process_memory_win.cc(73)] ReadMemory at 0x1aad4a5cba0 of 62 bytes failed: Only part of a ReadProcessMemory or WriteProcessMemory request was completed. (0x12B)
[0714/100151.617:ERROR:process_memory_win.cc(73)] ReadMemory at 0x1aad4a5cbf0 of 62 bytes failed: Only part of a ReadProcessMemory or WriteProcessMemory request was completed. (0x12B)
[0714/100151.617:ERROR:process_memory_win.cc(73)] ReadMemory at 0x1aad4a5cc40 of 62 bytes failed: Only part of a ReadProcessMemory or WriteProcessMemory request was completed. (0x12B)
[0714/100151.617:ERROR:process_memory_win.cc(73)] ReadMemory at 0x1aad4a5cc90 of 64 bytes failed: Only part of a ReadProcessMemory or WriteProcessMemory request was completed. (0x12B)
[0714/100151.617:ERROR:process_memory_win.cc(73)] ReadMemory at 0x1aad4a5cce0 of 60 bytes failed: Only part of a ReadProcessMemory or WriteProcessMemory request was completed. (0x12B)
[0714/100151.617:ERROR:process_memory_win.cc(73)] ReadMemory at 0x1aad4a5cd30 of 64 bytes failed: Only part of a ReadProcessMemory or WriteProcessMemory request was completed. (0x12B)
[0714/100151.617:ERROR:process_memory_win.cc(73)] ReadMemory at 0x1aad4a5cdd0 of 62 bytes failed: Only part of a ReadProcessMemory or WriteProcessMemory request was completed. (0x12B)
[0714/100151.618:ERROR:process_memory_win.cc(73)] ReadMemory at 0x1aad4a5ce20 of 62 bytes failed: Only part of a ReadProcessMemory or WriteProcessMemory request was completed. (0x12B)
[0714/100151.618:ERROR:process_memory_win.cc(73)] ReadMemory at 0x1aad4a5ce70 of 62 bytes failed: Only part of a ReadProcessMemory or WriteProcessMemory request was completed. (0x12B)
[0714/100151.618:ERROR:process_memory_win.cc(73)] ReadMemory at 0x1aad4a5cec0 of 64 bytes failed: Only part of a ReadProcessMemory or WriteProcessMemory request was completed. (0x12B)
[0714/100151.618:ERROR:process_memory_win.cc(73)] ReadMemory at 0x1aad4a5cf10 of 60 bytes failed: Only part of a ReadProcessMemory or WriteProcessMemory request was completed. (0x12B)
[0714/100151.618:ERROR:process_memory_win.cc(73)] ReadMemory at 0x1aad4a5cfb0 of 66 bytes failed: Only part of a ReadProcessMemory or WriteProcessMemory request was completed. (0x12B)
[0714/100151.618:ERROR:process_memory_win.cc(73)] ReadMemory at 0x1aad4a5d000 of 64 bytes failed: Only part of a ReadProcessMemory or WriteProcessMemory request was completed. (0x12B)
[0714/100151.619:ERROR:process_memory_win.cc(73)] ReadMemory at 0x1aad4a5d050 of 64 bytes failed: Only part of a ReadProcessMemory or WriteProcessMemory request was completed. (0x12B)
[0714/100151.619:ERROR:process_memory_win.cc(73)] ReadMemory at 0x1aad4a5d0f0 of 60 bytes failed: Only part of a ReadProcessMemory or WriteProcessMemory request was completed. (0x12B)
[0714/100151.619:ERROR:process_memory_win.cc(73)] ReadMemory at 0x1aad4a5d140 of 64 bytes failed: Only part of a ReadProcessMemory or WriteProcessMemory request was completed. (0x12B)
[0714/100151.619:ERROR:process_memory_win.cc(73)] ReadMemory at 0x1aad4a5d190 of 60 bytes failed: Only part of a ReadProcessMemory or WriteProcessMemory request was completed. (0x12B)
[0714/100151.619:ERROR:process_memory_win.cc(73)] ReadMemory at 0x1aad4a5d1e0 of 64 bytes failed: Only part of a ReadProcessMemory or WriteProcessMemory request was completed. (0x12B)
[0714/100151.620:ERROR:process_memory_win.cc(73)] ReadMemory at 0x1aad4a5ec50 of 132 bytes failed: Only part of a ReadProcessMemory or WriteProcessMemory request was completed. (0x12B)
[0714/100151.620:ERROR:process_memory_win.cc(73)] ReadMemory at 0x1aad4a5ed00 of 512 bytes failed: Only part of a ReadProcessMemory or WriteProcessMemory request was completed. (0x12B)
[0714/100151.620:ERROR:process_memory_win.cc(73)] ReadMemory at 0x1aad4a611c0 of 62 bytes failed: Only part of a ReadProcessMemory or WriteProcessMemory request was completed. (0x12B)
[0714/100151.620:ERROR:process_memory_win.cc(73)] ReadMemory at 0x1aad4a61580 of 64 bytes failed: Only part of a ReadProcessMemory or WriteProcessMemory request was completed. (0x12B)
[0714/100151.620:ERROR:process_memory_win.cc(73)] ReadMemory at 0x1aad4a618f0 of 60 bytes failed: Only part of a ReadProcessMemory or WriteProcessMemory request was completed. (0x12B)
[0714/100151.620:ERROR:process_memory_win.cc(73)] ReadMemory at 0x1aad4a61b20 of 66 bytes failed: Only part of a ReadProcessMemory or WriteProcessMemory request was completed. (0x12B)
[0714/100151.620:ERROR:process_memory_win.cc(73)] ReadMemory at 0x1aad4a727e0 of 512 bytes failed: Only part of a ReadProcessMemory or WriteProcessMemory request was completed. (0x12B)
[0714/100151.621:ERROR:process_memory_win.cc(73)] ReadMemory at 0x1aad4ca10c0 of 512 bytes failed: Only part of a ReadProcessMemory or WriteProcessMemory request was completed. (0x12B)
[0714/100151.621:ERROR:process_memory_win.cc(73)] ReadMemory at 0x1aad4ca1d80 of 512 bytes failed: Only part of a ReadProcessMemory or WriteProcessMemory request was completed. (0x12B)
[0714/100151.621:ERROR:process_memory_win.cc(73)] ReadMemory at 0x1aad4ca2380 of 512 bytes failed: Only part of a ReadProcessMemory or WriteProcessMemory request was completed. (0x12B)
[0714/100151.621:ERROR:process_memory_win.cc(73)] ReadMemory at 0x1aad53934c8 of 512 bytes failed: Only part of a ReadProcessMemory or WriteProcessMemory request was completed. (0x12B)
[0714/100151.621:ERROR:process_memory_win.cc(73)] ReadMemory at 0x1aad539ca70 of 512 bytes failed: Only part of a ReadProcessMemory or WriteProcessMemory request was completed. (0x12B)
[0714/100151.621:ERROR:process_memory_win.cc(73)] ReadMemory at 0x1aad53a1fe0 of 712 bytes failed: Only part of a ReadProcessMemory or WriteProcessMemory request was completed. (0x12B)
[0714/100151.622:ERROR:process_memory_win.cc(73)] ReadMemory at 0x1aad53b0a70 of 512 bytes failed: Only part of a ReadProcessMemory or WriteProcessMemory request was completed. (0x12B)
[0714/100151.622:ERROR:process_memory_win.cc(73)] ReadMemory at 0x1aad53d0340 of 512 bytes failed: Only part of a ReadProcessMemory or WriteProcessMemory request was completed. (0x12B)
[0714/100151.622:ERROR:process_memory_win.cc(73)] ReadMemory at 0x1aad54d0000 of 384 bytes failed: Only part of a ReadProcessMemory or WriteProcessMemory request was completed. (0x12B)
[0714/100151.622:ERROR:process_memory_win.cc(73)] ReadMemory at 0x1aad6a30000 of 384 bytes failed: Only part of a ReadProcessMemory or WriteProcessMemory request was completed. (0x12B)
[0714/100151.622:ERROR:process_memory_win.cc(73)] ReadMemory at 0x1aad6a54e30 of 512 bytes failed: Only part of a ReadProcessMemory or WriteProcessMemory request was completed. (0x12B)
[0714/100151.622:ERROR:process_memory_win.cc(73)] ReadMemory at 0x1aad6b48bd0 of 512 bytes failed: Only part of a ReadProcessMemory or WriteProcessMemory request was completed. (0x12B)
[0714/100151.623:ERROR:process_memory_win.cc(73)] ReadMemory at 0x1aad75dd4e0 of 512 bytes failed: Only part of a ReadProcessMemory or WriteProcessMemory request was completed. (0x12B)
[0714/100151.623:ERROR:process_memory_win.cc(73)] ReadMemory at 0x1aad75ddfb0 of 512 bytes failed: Only part of a ReadProcessMemory or WriteProcessMemory request was completed. (0x12B)
[0714/100151.623:ERROR:process_memory_win.cc(73)] ReadMemory at 0x1aad7920fe0 of 512 bytes failed: Only part of a ReadProcessMemory or WriteProcessMemory request was completed. (0x12B)
[0714/100151.623:ERROR:process_memory_win.cc(73)] ReadMemory at 0xc9f00000000 of 384 bytes failed: Only part of a ReadProcessMemory or WriteProcessMemory request was completed. (0x12B)
[0714/100151.623:ERROR:process_memory_win.cc(73)] ReadMemory at 0xc9f081a3239 of 512 bytes failed: Only part of a ReadProcessMemory or WriteProcessMemory request was completed. (0x12B)
[0714/100151.623:ERROR:process_memory_win.cc(73)] ReadMemory at 0xc9f082ba9d1 of 512 bytes failed: Only part of a ReadProcessMemory or WriteProcessMemory request was completed. (0x12B)
[0714/100151.623:ERROR:process_memory_win.cc(73)] ReadMemory at 0xc9f084cd269 of 512 bytes failed: Only part of a ReadProcessMemory or WriteProcessMemory request was completed. (0x12B)
[0714/100151.623:ERROR:process_memory_win.cc(73)] ReadMemory at 0xc9f08a841dd of 512 bytes failed: Only part of a ReadProcessMemory or WriteProcessMemory request was completed. (0x12B)
[0714/100151.623:ERROR:process_memory_win.cc(73)] ReadMemory at 0xc9f08ac3391 of 512 bytes failed: Only part of a ReadProcessMemory or WriteProcessMemory request was completed. (0x12B)
[0714/100151.624:ERROR:process_memory_win.cc(73)] ReadMemory at 0xc9f08c07ad5 of 512 bytes failed: Only part of a ReadProcessMemory or WriteProcessMemory request was completed. (0x12B)
[0714/100151.624:ERROR:process_memory_win.cc(73)] ReadMemory at 0xc9f08c08511 of 512 bytes failed: Only part of a ReadProcessMemory or WriteProcessMemory request was completed. (0x12B)
[0714/100151.624:ERROR:process_memory_win.cc(73)] ReadMemory at 0xc9f08c701a8 of 512 bytes failed: Only part of a ReadProcessMemory or WriteProcessMemory request was completed. (0x12B)
[0714/100151.624:ERROR:process_memory_win.cc(73)] ReadMemory at 0xc9f14a38b61 of 700 bytes failed: Only part of a ReadProcessMemory or WriteProcessMemory request was completed. (0x12B)
[0714/100151.624:ERROR:process_memory_win.cc(73)] ReadMemory at 0xc9f382ac1a0 of 512 bytes failed: Only part of a ReadProcessMemory or WriteProcessMemory request was completed. (0x12B)
[0714/100151.624:ERROR:process_memory_win.cc(73)] ReadMemory at 0xc9f382c7bf0 of 512 bytes failed: Only part of a ReadProcessMemory or WriteProcessMemory request was completed. (0x12B)
[0714/100151.624:ERROR:process_memory_win.cc(73)] ReadMemory at 0xc9f38c4af6c of 512 bytes failed: Only part of a ReadProcessMemory or WriteProcessMemory request was completed. (0x12B)
[0714/100151.624:ERROR:process_memory_win.cc(73)] ReadMemory at 0x7ffdb5053492 of 512 bytes failed: Only part of a ReadProcessMemory or WriteProcessMemory request was completed. (0x12B)
[0714/100151.625:ERROR:process_memory_win.cc(73)] ReadMemory at 0x7ffdb50544c0 of 512 bytes failed: Only part of a ReadProcessMemory or WriteProcessMemory request was completed. (0x12B)
[0714/100151.625:ERROR:process_memory_win.cc(73)] ReadMemory at 0x7ffdf79c79a5 of 512 bytes failed: Only part of a ReadProcessMemory or WriteProcessMemory request was completed. (0x12B)
[0714/100151.625:ERROR:process_memory_win.cc(73)] ReadMemory at 0x7ffdf79c8180 of 512 bytes failed: Only part of a ReadProcessMemory or WriteProcessMemory request was completed. (0x12B)
[0714/100151.625:ERROR:process_memory_win.cc(73)] ReadMemory at 0x7ffe0ff6cbf0 of 512 bytes failed: Only part of a ReadProcessMemory or WriteProcessMemory request was completed. (0x12B)
[0714/100151.625:ERROR:process_memory_win.cc(73)] ReadMemory at 0x7ffe0ff6cf40 of 512 bytes failed: Only part of a ReadProcessMemory or WriteProcessMemory request was completed. (0x12B)
[0714/100151.625:ERROR:process_memory_win.cc(73)] ReadMemory at 0x7ffe0ff6f020 of 512 bytes failed: Only part of a ReadProcessMemory or WriteProcessMemory request was completed. (0x12B)
[0714/100151.625:ERROR:process_memory_win.cc(73)] ReadMemory at 0x7ffe100000d4 of 672 bytes failed: Only part of a ReadProcessMemory or WriteProcessMemory request was completed. (0x12B)
[0714/100151.625:ERROR:process_memory_win.cc(73)] ReadMemory at 0x7ffe10003904 of 608 bytes failed: Only part of a ReadProcessMemory or WriteProcessMemory request was completed. (0x12B)
[0714/100151.625:ERROR:process_memory_win.cc(73)] ReadMemory at 0x7ffe10083540 of 18 bytes failed: Only part of a ReadProcessMemory or WriteProcessMemory request was completed. (0x12B)
[0714/100151.626:ERROR:process_memory_win.cc(73)] ReadMemory at 0x7ffe100b95e8 of 40 bytes failed: Only part of a ReadProcessMemory or WriteProcessMemory request was completed. (0x12B)
[0714/100151.626:ERROR:process_memory_win.cc(73)] ReadMemory at 0x7ffe100b99f8 of 48 bytes failed: Only part of a ReadProcessMemory or WriteProcessMemory request was completed. (0x12B)
[0714/100151.626:ERROR:process_memory_win.cc(73)] ReadMemory at 0x7ffe100bf3a0 of 64 bytes failed: Only part of a ReadProcessMemory or WriteProcessMemory request was completed. (0x12B)
[0714/100151.698:ERROR:scoped_process_suspend.cc(40)] NtResumeProcess: An attempt was made to access an exiting process. (0xc000010a)
